# JRE version: OpenJDK Runtime Environment (8.0_151-b12) (build 1.8.0_151-8u151-b12-0ubuntu0.16.04.2-b12)
# Java VM: OpenJDK 64-Bit Server VM (25.151-b12 mixed mode linux-amd64 compressed oops)
Heap:
 PSYoungGen      total 100864K, used 15222K [0x00000000d7100000, 0x00000000e1a00000, 0x0000000100000000)
  eden space 86528K, 2% used [0x00000000d7100000,0x00000000d72e0a68,0x00000000dc580000)
  from space 14336K, 92% used [0x00000000dc580000,0x00000000dd27cf18,0x00000000dd380000)
  to   space 15872K, 0% used [0x00000000e0a80000,0x00000000e0a80000,0x00000000e1a00000)
 ParOldGen       total 58368K, used 13248K [0x0000000085200000, 0x0000000088b00000, 0x00000000d7100000)
  object space 58368K, 22% used [0x0000000085200000,0x0000000085ef0198,0x0000000088b00000)
 Metaspace       used 29987K, capacity 31460K, committed 31744K, reserved 1077248K
  class space    used 3725K, capacity 4027K, committed 4096K, reserved 1048576K
GC Heap History (10 events):
Event: 6,076 GC heap before
{Heap before GC invocations=4 (full 1):
 PSYoungGen      total 36864K, used 5104K [0x00000000d7100000, 0x00000000db900000, 0x0000000100000000)
  eden space 31744K, 0% used [0x00000000d7100000,0x00000000d7100000,0x00000000d9000000)
  from space 5120K, 99% used [0x00000000d9000000,0x00000000d94fc030,0x00000000d9500000)
  to   space 5120K, 0% used [0x00000000db400000,0x00000000db400000,0x00000000db900000)
 ParOldGen       total 84992K, used 9996K [0x0000000085200000, 0x000000008a500000, 0x00000000d7100000)
  object space 84992K, 11% used [0x0000000085200000,0x0000000085bc3320,0x000000008a500000)
 Metaspace       used 19899K, capacity 21130K, committed 21248K, reserved 1067008K
  class space    used 2736K, capacity 2988K, committed 3072K, reserved 1048576K
Event: 6,124 GC heap after
Heap after GC invocations=4 (full 1):
 PSYoungGen      total 36864K, used 0K [0x00000000d7100000, 0x00000000db900000, 0x0000000100000000)
  eden space 31744K, 0% used [0x00000000d7100000,0x00000000d7100000,0x00000000d9000000)
  from space 5120K, 0% used [0x00000000d9000000,0x00000000d9000000,0x00000000d9500000)
  to   space 5120K, 0% used [0x00000000db400000,0x00000000db400000,0x00000000db900000)
 ParOldGen       total 58368K, used 9622K [0x0000000085200000, 0x0000000088b00000, 0x00000000d7100000)
  object space 58368K, 16% used [0x0000000085200000,0x0000000085b65a68,0x0000000088b00000)
 Metaspace       used 19899K, capacity 21130K, committed 21248K, reserved 1067008K
  class space    used 2736K, capacity 2988K, committed 3072K, reserved 1048576K
}
Event: 13,755 GC heap before
{Heap before GC invocations=5 (full 1):
 PSYoungGen      total 36864K, used 31744K [0x00000000d7100000, 0x00000000db900000, 0x0000000100000000)
  eden space 31744K, 100% used [0x00000000d7100000,0x00000000d9000000,0x00000000d9000000)
  from space 5120K, 0% used [0x00000000d9000000,0x00000000d9000000,0x00000000d9500000)
  to   space 5120K, 0% used [0x00000000db400000,0x00000000db400000,0x00000000db900000)
 ParOldGen       total 58368K, used 9622K [0x0000000085200000, 0x0000000088b00000, 0x00000000d7100000)
  object space 58368K, 16% used [0x0000000085200000,0x0000000085b65a68,0x0000000088b00000)
 Metaspace       used 21828K, capacity 23166K, committed 23424K, reserved 1069056K
  class space    used 2891K, capacity 3134K, committed 3200K, reserved 1048576K
Event: 13,770 GC heap after
Heap after GC invocations=5 (full 1):
 PSYoungGen      total 56320K, used 5120K [0x00000000d7100000, 0x00000000db900000, 0x0000000100000000)
  eden space 51200K, 0% used [0x00000000d7100000,0x00000000d7100000,0x00000000da300000)
  from space 5120K, 100% used [0x00000000db400000,0x00000000db900000,0x00000000db900000)
  to   space 5120K, 0% used [0x00000000daf00000,0x00000000daf00000,0x00000000db400000)
 ParOldGen       total 58368K, used 10937K [0x0000000085200000, 0x0000000088b00000, 0x00000000d7100000)
  object space 58368K, 18% used [0x0000000085200000,0x0000000085cae728,0x0000000088b00000)
 Metaspace       used 21828K, capacity 23166K, committed 23424K, reserved 1069056K
  class space    used 2891K, capacity 3134K, committed 3200K, reserved 1048576K
}
Event: 14,001 GC heap before
{Heap before GC invocations=6 (full 1):
 PSYoungGen      total 56320K, used 56320K [0x00000000d7100000, 0x00000000db900000, 0x0000000100000000)
  eden space 51200K, 100% used [0x00000000d7100000,0x00000000da300000,0x00000000da300000)
  from space 5120K, 100% used [0x00000000db400000,0x00000000db900000,0x00000000db900000)
  to   space 5120K, 0% used [0x00000000daf00000,0x00000000daf00000,0x00000000db400000)
 ParOldGen       total 58368K, used 10937K [0x0000000085200000, 0x0000000088b00000, 0x00000000d7100000)
  object space 58368K, 18% used [0x0000000085200000,0x0000000085cae728,0x0000000088b00000)
 Metaspace       used 21834K, capacity 23230K, committed 23424K, reserved 1069056K
  class space    used 2891K, capacity 3134K, committed 3200K, reserved 1048576K
Event: 14,016 GC heap after
Heap after GC invocations=6 (full 1):
 PSYoungGen      total 68608K, used 5120K [0x00000000d7100000, 0x00000000dde80000, 0x0000000100000000)
  eden space 63488K, 0% used [0x00000000d7100000,0x00000000d7100000,0x00000000daf00000)
  from space 5120K, 100% used [0x00000000daf00000,0x00000000db400000,0x00000000db400000)
  to   space 11264K, 0% used [0x00000000dd380000,0x00000000dd380000,0x00000000dde80000)
 ParOldGen       total 58368K, used 10945K [0x0000000085200000, 0x0000000088b00000, 0x00000000d7100000)
  object space 58368K, 18% used [0x0000000085200000,0x0000000085cb0728,0x0000000088b00000)
 Metaspace       used 21834K, capacity 23230K, committed 23424K, reserved 1069056K
  class space    used 2891K, capacity 3134K, committed 3200K, reserved 1048576K
}
Event: 22,299 GC heap before
{Heap before GC invocations=7 (full 1):
 PSYoungGen      total 68608K, used 68608K [0x00000000d7100000, 0x00000000dde80000, 0x0000000100000000)
  eden space 63488K, 100% used [0x00000000d7100000,0x00000000daf00000,0x00000000daf00000)
  from space 5120K, 100% used [0x00000000daf00000,0x00000000db400000,0x00000000db400000)
  to   space 11264K, 0% used [0x00000000dd380000,0x00000000dd380000,0x00000000dde80000)
 ParOldGen       total 58368K, used 10945K [0x0000000085200000, 0x0000000088b00000, 0x00000000d7100000)
  object space 58368K, 18% used [0x0000000085200000,0x0000000085cb0728,0x0000000088b00000)
 Metaspace       used 29055K, capacity 30510K, committed 30592K, reserved 1075200K
  class space    used 3682K, capacity 3952K, committed 3968K, reserved 1048576K
Event: 22,319 GC heap after
Heap after GC invocations=7 (full 1):
 PSYoungGen      total 97792K, used 11251K [0x00000000d7100000, 0x00000000df680000, 0x0000000100000000)
  eden space 86528K, 0% used [0x00000000d7100000,0x00000000d7100000,0x00000000dc580000)
  from space 11264K, 99% used [0x00000000dd380000,0x00000000dde7cf18,0x00000000dde80000)
  to   space 14336K, 0% used [0x00000000dc580000,0x00000000dc580000,0x00000000dd380000)
 ParOldGen       total 58368K, used 13240K [0x0000000085200000, 0x0000000088b00000, 0x00000000d7100000)
  object space 58368K, 22% used [0x0000000085200000,0x0000000085eee198,0x0000000088b00000)
 Metaspace       used 29055K, capacity 30510K, committed 30592K, reserved 1075200K
  class space    used 3682K, capacity 3952K, committed 3968K, reserved 1048576K
}
Event: 4980,088 GC heap before
{Heap before GC invocations=8 (full 1):
 PSYoungGen      total 97792K, used 97779K [0x00000000d7100000, 0x00000000df680000, 0x0000000100000000)
  eden space 86528K, 100% used [0x00000000d7100000,0x00000000dc580000,0x00000000dc580000)
  from space 11264K, 99% used [0x00000000dd380000,0x00000000dde7cf18,0x00000000dde80000)
  to   space 14336K, 0% used [0x00000000dc580000,0x00000000dc580000,0x00000000dd380000)
 ParOldGen       total 58368K, used 13240K [0x0000000085200000, 0x0000000088b00000, 0x00000000d7100000)
  object space 58368K, 22% used [0x0000000085200000,0x0000000085eee198,0x0000000088b00000)
 Metaspace       used 29965K, capacity 31448K, committed 31744K, reserved 1077248K
  class space    used 3722K, capacity 4025K, committed 4096K, reserved 1048576K
Event: 4980,136 GC heap after
Heap after GC invocations=8 (full 1):
 PSYoungGen      total 100864K, used 13299K [0x00000000d7100000, 0x00000000e1a00000, 0x0000000100000000)
  eden space 86528K, 0% used [0x00000000d7100000,0x00000000d7100000,0x00000000dc580000)
  from space 14336K, 92% used [0x00000000dc580000,0x00000000dd27cf18,0x00000000dd380000)
  to   space 15872K, 0% used [0x00000000e0a80000,0x00000000e0a80000,0x00000000e1a00000)
 ParOldGen       total 58368K, used 13248K [0x0000000085200000, 0x0000000088b00000, 0x00000000d7100000)
  object space 58368K, 22% used [0x0000000085200000,0x0000000085ef0198,0x0000000088b00000)
 Metaspace       used 29965K, capacity 31448K, committed 31744K, reserved 1077248K
  class space    used 3722K, capacity 4025K, committed 4096K, reserved 1048576K
}

